24-Aug-2018 21:22:11 - INFO -  [<function setup_config>] Initialising the Script with following Configuration Set: 

{'load_images': True, 'parser': 'html5lib', 'log_buffering': False, 'copy_all': False, 'over_write': True, 'download_size': 6076, 'log_buffer_array': [], 'log_file_compression': False, 'version': '2.0.3', 'filename_validation_pattern': <_sre.SRE_Pattern object at 0x0000000002686D20>, 'bypass_robots': True, 'project_name': u'localhost', 'load_javascript': True, 'load_css': True, 'robots': <RobotsTxt at http://localhost:5000/robots.txt>, 'clean_up': False, 'make_archive': True, 'url': u'http://localhost:5000/', 'quiet': False, 'downloaded_files': [], 'user_agent': 'Mozilla/5.0 (PywebcopyBot/2.0.3)', 'debug': False, 'log_file': u'e:\\tests\\WebCopyProjects\\localhost\\localhost_log.log', 'allowed_file_ext': ['.html', '.php', '.asp', '.aspx.htm', '.xhtml', '.css', '.json', '.js', '.xml', '.svg', '.gif', '.ico', '.jpeg', '.pdf', '.jpg', '.png', '.ttf', '.eot', '.otf', '.woff', '.woff2'], 'mirrors_dir': u'e:\\tests\\WebCopyProjects\\localhost'}
24-Aug-2018 21:22:11 - ERROR -  [<function _can_access>] forced :: Accessing restricted website part http://localhost:5000/
24-Aug-2018 21:23:21 - INFO -  [<function setup_config>] Initialising the Script with following Configuration Set: 

{'load_images': True, 'parser': 'html5lib', 'log_buffering': False, 'copy_all': False, 'over_write': True, 'download_size': 6076, 'log_buffer_array': [], 'log_file_compression': False, 'version': '2.0.3', 'filename_validation_pattern': <_sre.SRE_Pattern object at 0x0000000002DB6D20>, 'bypass_robots': True, 'project_name': u'localhost', 'load_javascript': True, 'load_css': True, 'robots': <RobotsTxt at http://localhost:5000/robots.txt>, 'clean_up': False, 'make_archive': True, 'url': u'http://localhost:5000/', 'quiet': False, 'downloaded_files': [], 'user_agent': 'Mozilla/5.0 (PywebcopyBot/2.0.3)', 'debug': False, 'log_file': u'e:\\tests\\WebCopyProjects\\localhost\\localhost_log.log', 'allowed_file_ext': ['.html', '.php', '.asp', '.aspx.htm', '.xhtml', '.css', '.json', '.js', '.xml', '.svg', '.gif', '.ico', '.jpeg', '.pdf', '.jpg', '.png', '.ttf', '.eot', '.otf', '.woff', '.woff2'], 'mirrors_dir': u'e:\\tests\\WebCopyProjects\\localhost'}
24-Aug-2018 21:23:21 - ERROR -  [<function _can_access>] forced :: Accessing restricted website part http://localhost:5000/
24-Aug-2018 21:24:37 - INFO -  [<function setup_config>] Initialising the Script with following Configuration Set: 

{'load_images': True, 'parser': 'html5lib', 'log_buffering': False, 'copy_all': False, 'over_write': True, 'download_size': 6076, 'log_buffer_array': [], 'log_file_compression': False, 'version': '2.0.3', 'filename_validation_pattern': <_sre.SRE_Pattern object at 0x00000000025E6D20>, 'bypass_robots': True, 'project_name': u'localhost', 'load_javascript': True, 'load_css': True, 'robots': <RobotsTxt at http://localhost:5000/robots.txt>, 'clean_up': False, 'make_archive': True, 'url': u'http://localhost:5000/', 'quiet': False, 'downloaded_files': [], 'user_agent': 'Mozilla/5.0 (PywebcopyBot/2.0.3)', 'debug': False, 'log_file': u'e:\\tests\\WebCopyProjects\\localhost\\localhost_log.log', 'allowed_file_ext': ['.html', '.php', '.asp', '.aspx.htm', '.xhtml', '.css', '.json', '.js', '.xml', '.svg', '.gif', '.ico', '.jpeg', '.pdf', '.jpg', '.png', '.ttf', '.eot', '.otf', '.woff', '.woff2'], 'mirrors_dir': u'e:\\tests\\WebCopyProjects\\localhost'}
24-Aug-2018 21:24:37 - ERROR -  [<function _can_access>] forced :: Accessing restricted website part http://localhost:5000/
24-Aug-2018 21:25:16 - INFO -  [<function setup_config>] Initialising the Script with following Configuration Set: 

{'load_images': True, 'parser': 'html5lib', 'log_buffering': False, 'copy_all': False, 'over_write': True, 'download_size': 6076, 'log_buffer_array': [], 'log_file_compression': False, 'version': '2.0.3', 'filename_validation_pattern': <_sre.SRE_Pattern object at 0x0000000002FD6D20>, 'bypass_robots': True, 'project_name': u'localhost', 'load_javascript': True, 'load_css': True, 'robots': <RobotsTxt at http://localhost:5000/robots.txt>, 'clean_up': False, 'make_archive': True, 'url': u'http://localhost:5000/', 'quiet': False, 'downloaded_files': [], 'user_agent': 'Mozilla/5.0 (PywebcopyBot/2.0.3)', 'debug': False, 'log_file': u'e:\\tests\\WebCopyProjects\\localhost\\localhost_log.log', 'allowed_file_ext': ['.html', '.php', '.asp', '.aspx.htm', '.xhtml', '.css', '.json', '.js', '.xml', '.svg', '.gif', '.ico', '.jpeg', '.pdf', '.jpg', '.png', '.ttf', '.eot', '.otf', '.woff', '.woff2'], 'mirrors_dir': u'e:\\tests\\WebCopyProjects\\localhost'}
24-Aug-2018 21:25:16 - ERROR -  [<function _can_access>] forced :: Accessing restricted website part http://localhost:5000/
24-Aug-2018 21:25:17 - ERROR -  [<function _can_access>] forced :: Accessing restricted website part http://localhost:5000/static/favicon.ico
24-Aug-2018 21:25:18 - ERROR -  [<function _can_access>] forced :: Accessing restricted website part http://localhost:5000/static/bootstrap/css/bootstrap.css
24-Aug-2018 21:25:19 - ERROR -  [<function _can_access>] forced :: Accessing restricted website part http://localhost:5000/static/css/codehilite.css
24-Aug-2018 21:25:21 - ERROR -  [<function _can_access>] forced :: Accessing restricted website part http://localhost:5000/static/css/style.css
24-Aug-2018 21:25:22 - ERROR -  [<function _can_access>] forced :: Accessing restricted website part http://localhost:5000/static/jquery/jquery.js
24-Aug-2018 21:25:23 - ERROR -  [<function _can_access>] forced :: Accessing restricted website part http://localhost:5000/static/bootstrap/js/bootstrap.js
24-Aug-2018 21:25:24 - ERROR -  [<function _can_access>] forced :: Accessing restricted website part http://localhost:5000/static/moment.min.js
24-Aug-2018 21:25:25 - ERROR -  [<function _can_access>] forced :: Accessing restricted website part http://localhost:5000/static/logo.svg
24-Aug-2018 21:25:26 - ERROR -  [<function _can_access>] forced :: Accessing restricted website part http://via.placeholder.com/650x150/eeeeee/212121/?text=
24-Aug-2018 21:25:47 - ERROR -  [<function get>] error :: Internet Connection not Found!
24-Aug-2018 21:25:47 - ERROR -  [<function _can_access>] forced :: Accessing restricted website part http://localhost:5000/static/images/bg.jpeg
24-Aug-2018 21:27:04 - INFO -  [<function setup_config>] Initialising the Script with following Configuration Set: 

{'load_images': True, 'parser': 'html5lib', 'log_buffering': False, 'copy_all': False, 'over_write': True, 'download_size': 6076, 'log_buffer_array': [], 'log_file_compression': False, 'version': '2.0.3', 'filename_validation_pattern': <_sre.SRE_Pattern object at 0x0000000002BA6D20>, 'bypass_robots': True, 'project_name': u'localhost', 'load_javascript': True, 'load_css': True, 'robots': <RobotsTxt at http://localhost:5000/robots.txt>, 'clean_up': False, 'make_archive': True, 'url': u'http://localhost:5000/', 'quiet': False, 'downloaded_files': [], 'user_agent': 'Mozilla/5.0 (PywebcopyBot/2.0.3)', 'debug': False, 'log_file': u'e:\\tests\\WebCopyProjects\\localhost\\localhost_log.log', 'allowed_file_ext': ['.html', '.php', '.asp', '.aspx.htm', '.xhtml', '.css', '.json', '.js', '.xml', '.svg', '.gif', '.ico', '.jpeg', '.pdf', '.jpg', '.png', '.ttf', '.eot', '.otf', '.woff', '.woff2'], 'mirrors_dir': u'e:\\tests\\WebCopyProjects\\localhost'}
24-Aug-2018 21:27:04 - INFO -  [<function _can_access>] forced :: Accessing restricted website part http://localhost:5000/
24-Aug-2018 21:27:05 - INFO -  [<function _can_access>] forced :: Accessing restricted website part http://localhost:5000/static/favicon.ico
24-Aug-2018 21:27:06 - INFO -  [<function _can_access>] forced :: Accessing restricted website part http://localhost:5000/static/bootstrap/css/bootstrap.css
24-Aug-2018 21:27:07 - INFO -  [<function _can_access>] forced :: Accessing restricted website part http://localhost:5000/static/css/codehilite.css
24-Aug-2018 21:27:08 - INFO -  [<function _can_access>] forced :: Accessing restricted website part http://localhost:5000/static/css/style.css
24-Aug-2018 21:27:09 - INFO -  [<function _can_access>] forced :: Accessing restricted website part http://localhost:5000/static/jquery/jquery.js
24-Aug-2018 21:27:10 - INFO -  [<function _can_access>] forced :: Accessing restricted website part http://localhost:5000/static/bootstrap/js/bootstrap.js
24-Aug-2018 21:27:11 - INFO -  [<function _can_access>] forced :: Accessing restricted website part http://localhost:5000/static/moment.min.js
24-Aug-2018 21:27:12 - INFO -  [<function _can_access>] forced :: Accessing restricted website part http://localhost:5000/static/logo.svg
24-Aug-2018 21:27:13 - INFO -  [<function _can_access>] forced :: Accessing restricted website part http://via.placeholder.com/650x150/eeeeee/212121/?text=
24-Aug-2018 21:27:34 - INFO -  [<function _can_access>] forced :: Accessing restricted website part http://localhost:5000/static/images/bg.jpeg
